[    0.000000] Initializing cgroup subsys cpuset
[    0.000000] Initializing cgroup subsys cpu
[    0.000000] Initializing cgroup subsys cpuacct
[    0.000000] Linux version 4.4.0-174-generic (buildd@lcy01-amd64-020) (gcc version 5.4.0 20160609 (Ubuntu 5.4.0-6ubuntu1~16.04.12) ) #204-Ubuntu SMP Wed Jan 29 06:41:58 UTC 2020 (Ubuntu 4.4.0-174.204-generic 4.4.211)
[    0.000000] KERNEL supported cpus:
[    0.000000]   Intel GenuineIntel
[    0.000000]   AMD AuthenticAMD
[    0.000000]   NSC Geode by NSC
[    0.000000]   Cyrix CyrixInstead
[    0.000000]   Centaur CentaurHauls
[    0.000000]   Transmeta GenuineTMx86
[    0.000000]   Transmeta TransmetaCPU
[    0.000000]   UMC UMC UMC UMC
[    0.000000] x86/fpu: xstate_offset[2]:  576, xstate_sizes[2]:  256
[    0.000000] x86/fpu: Supporting XSAVE feature 0x01: 'x87 floating point registers'
[    0.000000] x86/fpu: Supporting XSAVE feature 0x02: 'SSE registers'
[    0.000000] x86/fpu: Supporting XSAVE feature 0x04: 'AVX registers'
[    0.000000] x86/fpu: Enabled xstate features 0x7, context size is 832 bytes, using 'standard' format.
[    0.000000] e820: BIOS-provided physical RAM map:
[    0.000000] BIOS-e820: [mem 0x0000000000000000-0x000000000009fbff] usable
[    0.000000] BIOS-e820: [mem 0x000000000009fc00-0x000000000009ffff] reserved
[    0.000000] BIOS-e820: [mem 0x00000000000f0000-0x00000000000fffff] reserved
[    0.000000] BIOS-e820: [mem 0x0000000000100000-0x000000003ffeffff] usable
[    0.000000] BIOS-e820: [mem 0x000000003fff0000-0x000000003fffffff] ACPI data
[    0.000000] BIOS-e820: [mem 0x00000000fec00000-0x00000000fec00fff] reserved
[    0.000000] BIOS-e820: [mem 0x00000000fee00000-0x00000000fee00fff] reserved
[    0.000000] BIOS-e820: [mem 0x00000000fffc0000-0x00000000ffffffff] reserved
[    0.000000] NX (Execute Disable) protection: active
[    0.000000] SMBIOS 2.5 present.
[    0.000000] Hypervisor detected: KVM
[    0.000000] e820: last_pfn = 0x3fff0 max_arch_pfn = 0x1000000
[    0.000000] MTRR: Disabled
[    0.000000] x86/PAT: MTRRs disabled, skipping PAT initialization too.
[    0.000000] CPU MTRRs all blank - virtualized system.
[    0.000000] x86/PAT: Configuration [0-7]: WB  WT  UC- UC  WB  WT  UC- UC  
[    0.000000] found SMP MP-table at [mem 0x0009fff0-0x0009ffff] mapped at [c009fff0]
[    0.000000] Scanning 1 areas for low memory corruption
[    0.000000] RAMDISK: [mem 0x363aa000-0x371ccfff]
[    0.000000] ACPI: Early table checksum verification disabled
[    0.000000] ACPI: RSDP 0x00000000000E0000 000024 (v02 VBOX  )
[    0.000000] ACPI: XSDT 0x000000003FFF0030 00003C (v01 VBOX   VBOXXSDT 00000001 ASL  00000061)
[    0.000000] ACPI: FACP 0x000000003FFF00F0 0000F4 (v04 VBOX   VBOXFACP 00000001 ASL  00000061)
[    0.000000] ACPI: DSDT 0x000000003FFF0470 002325 (v02 VBOX   VBOXBIOS 00000002 INTL 20100528)
[    0.000000] ACPI: FACS 0x000000003FFF0200 000040
[    0.000000] ACPI: FACS 0x000000003FFF0200 000040
[    0.000000] ACPI: APIC 0x000000003FFF0240 00005C (v02 VBOX   VBOXAPIC 00000001 ASL  00000061)
[    0.000000] ACPI: SSDT 0x000000003FFF02A0 0001CC (v01 VBOX   VBOXCPUT 00000002 INTL 20100528)
[    0.000000] 131MB HIGHMEM available.
[    0.000000] 891MB LOWMEM available.
[    0.000000]   mapped low ram: 0 - 37bfe000
[    0.000000]   low ram: 0 - 37bfe000
[    0.000000] kvm-clock: Using msrs 4b564d01 and 4b564d00
[    0.000000] kvm-clock: cpu 0, msr 0:37bfd001, primary cpu clock
[    0.000000] kvm-clock: using sched offset of 4017244826 cycles
[    0.000000] clocksource: kvm-clock: mask: 0xffffffffffffffff max_cycles: 0x1cd42e4dffb, max_idle_ns: 881590591483 ns
[    0.000000] Zone ranges:
[    0.000000]   DMA      [mem 0x0000000000001000-0x0000000000ffffff]
[    0.000000]   Normal   [mem 0x0000000001000000-0x0000000037bfdfff]
[    0.000000]   HighMem  [mem 0x0000000037bfe000-0x000000003ffeffff]
[    0.000000] Movable zone start for each node
[    0.000000] Early memory node ranges
[    0.000000]   node   0: [mem 0x0000000000001000-0x000000000009efff]
[    0.000000]   node   0: [mem 0x0000000000100000-0x000000003ffeffff]
[    0.000000] Initmem setup node 0 [mem 0x0000000000001000-0x000000003ffeffff]
[    0.000000] Using APIC driver default
[    0.000000] ACPI: PM-Timer IO Port: 0x4008
[    0.000000] IOAPIC[0]: apic_id 2, version 32, address 0xfec00000, GSI 0-23
[    0.000000] ACPI: INT_SRC_OVR (bus 0 bus_irq 0 global_irq 2 dfl dfl)
[    0.000000] ACPI: INT_SRC_OVR (bus 0 bus_irq 9 global_irq 9 low level)
[    0.000000] Using ACPI (MADT) for SMP configuration information
[    0.000000] smpboot: Allowing 2 CPUs, 0 hotplug CPUs
[    0.000000] PM: Registered nosave memory: [mem 0x00000000-0x00000fff]
[    0.000000] PM: Registered nosave memory: [mem 0x0009f000-0x0009ffff]
[    0.000000] PM: Registered nosave memory: [mem 0x000a0000-0x000effff]
[    0.000000] PM: Registered nosave memory: [mem 0x000f0000-0x000fffff]
[    0.000000] e820: [mem 0x40000000-0xfebfffff] available for PCI devices
[    0.000000] Booting paravirtualized kernel on KVM
[    0.000000] clocksource: refined-jiffies: mask: 0xffffffff max_cycles: 0xffffffff, max_idle_ns: 7645519600211568 ns
[    0.000000] setup_percpu: NR_CPUS:8 nr_cpumask_bits:8 nr_cpu_ids:2 nr_node_ids:1
[    0.000000] PERCPU: Embedded 18 pages/cpu @f6386000 s43276 r0 d30452 u73728
[    0.000000] Built 1 zonelists in Zone order, mobility grouping on.  Total pages: 259800
[    0.000000] Kernel command line: BOOT_IMAGE=/boot/vmlinuz-4.4.0-174-generic root=LABEL=cloudimg-rootfs ro console=tty1 console=ttyS0
[    0.000000] PID hash table entries: 4096 (order: 2, 16384 bytes)
[    0.000000] Dentry cache hash table entries: 131072 (order: 7, 524288 bytes)
[    0.000000] Inode-cache hash table entries: 65536 (order: 6, 262144 bytes)
[    0.000000] Initializing CPU#0
[    0.000000] Initializing HighMem for node 0 (00037bfe:0003fff0)
[    0.000000] Initializing Movable for node 0 (00000000:00000000)
[    0.000000] Memory: 1008240K/1048120K available (8137K kernel code, 790K rwdata, 3208K rodata, 936K init, 788K bss, 39880K reserved, 0K cma-reserved, 135112K highmem)
[    0.000000] virtual kernel memory layout:
[    0.000000]     fixmap  : 0xfff15000 - 0xfffff000   ( 936 kB)
[    0.000000]     pkmap   : 0xffc00000 - 0xffe00000   (2048 kB)
[    0.000000]     vmalloc : 0xf83fe000 - 0xffbfe000   ( 120 MB)
[    0.000000]     lowmem  : 0xc0000000 - 0xf7bfe000   ( 891 MB)
[    0.000000]       .init : 0xc1bdd000 - 0xc1cc7000   ( 936 kB)
[    0.000000]       .data : 0xc17f2a48 - 0xc1bdb980   (4003 kB)
[    0.000000]       .text : 0xc1000000 - 0xc17f2a48   (8138 kB)
[    0.000000] Checking if this processor honours the WP bit even in supervisor mode...Ok.
[    0.000000] SLUB: HWalign=64, Order=0-3, MinObjects=0, CPUs=2, Nodes=1
[    0.000000] Hierarchical RCU implementation.
[    0.000000] 	Build-time adjustment of leaf fanout to 32.
[    0.000000] 	RCU restricting CPUs from NR_CPUS=8 to nr_cpu_ids=2.
[    0.000000] RCU: Adjusting geometry for rcu_fanout_leaf=32, nr_cpu_ids=2
[    0.000000] NR_IRQS:2304 nr_irqs:440 16
[    0.000000] Console: colour VGA+ 80x25
[    0.000000] console [tty1] enabled
[    0.000000] console [ttyS0] enabled
[    0.000000] allocated 1048576 bytes of page_ext
[    0.000000] tsc: Detected 1800.001 MHz processor
[    0.532719] Calibrating delay loop (skipped) preset value.. 3600.00 BogoMIPS (lpj=7200004)
[    0.534876] pid_max: default: 32768 minimum: 301
[    0.536002] ACPI: Core revision 20150930
[    0.538568] ACPI: 2 ACPI AML tables successfully acquired and loaded
[    0.540345] Security Framework initialized
[    0.541397] Yama: becoming mindful.
[    0.543284] AppArmor: AppArmor initialized
[    0.545553] Mount-cache hash table entries: 2048 (order: 1, 8192 bytes)
[    0.548187] Mountpoint-cache hash table entries: 2048 (order: 1, 8192 bytes)
[    0.550877] Initializing cgroup subsys io
[    0.552392] Initializing cgroup subsys memory
[    0.554482] Initializing cgroup subsys devices
[    0.556013] Initializing cgroup subsys freezer
[    0.557488] Initializing cgroup subsys net_cls
[    0.559040] Initializing cgroup subsys perf_event
[    0.560880] Initializing cgroup subsys net_prio
[    0.562337] Initializing cgroup subsys hugetlb
[    0.563911] Initializing cgroup subsys pids
[    0.570544] mce: CPU supports 0 MCE banks
[    0.572965] Last level iTLB entries: 4KB 64, 2MB 8, 4MB 8
[    0.575931] Last level dTLB entries: 4KB 64, 2MB 0, 4MB 0, 1GB 4
[    0.579057] Spectre V1 : Mitigation: usercopy/swapgs barriers and __user pointer sanitization
[    0.583901] Spectre V2 : Mitigation: Full generic retpoline
[    0.586876] Spectre V2 : Spectre v2 / SpectreRSB mitigation: Filling RSB on context switch
[    0.591939] Speculative Store Bypass: Vulnerable
[    0.594767] MDS: Vulnerable: Clear CPU buffers attempted, no microcode
[    0.607378] Freeing SMP alternatives memory: 36K
[    0.620127] ftrace: allocating 31590 entries in 62 pages
[    0.950650] smpboot: APIC(0) Converting physical 0 to logical package 0
[    0.952076] smpboot: Max logical packages: 1
[    0.953110] Enabling APIC mode:  Flat.  Using 1 I/O APICs
[    0.955743] ..TIMER: vector=0x30 apic1=0 pin1=2 apic2=-1 pin2=-1
[    1.065247] smpboot: CPU0: Intel(R) Core(TM) i5-8250U CPU @ 1.60GHz (family: 0x6, model: 0x8e, stepping: 0xa)
[    1.071256] Performance Events: unsupported p6 CPU model 142 no PMU driver, software events only.
[    1.098014] KVM setup paravirtual spinlock
[    1.102198] x86: Booting SMP configuration:
[    1.104772] .... node  #0, CPUs:      #1
[1266874885.692306] Initializing CPU#1
[    1.108576] kvm-clock: cpu 1, msr 0:37bfd041, secondary cpu clock
[    1.116541] mce: CPU supports 0 MCE banks
[    1.120090] x86: Booted up 1 node, 2 CPUs
[    1.122772] smpboot: Total of 2 processors activated (7200.00 BogoMIPS)
[    1.126100] devtmpfs: initialized
[    1.128318] evm: security.selinux
[    1.129969] evm: security.SMACK64
[    1.131875] evm: security.SMACK64EXEC
[    1.134119] evm: security.SMACK64TRANSMUTE
[    1.136585] evm: security.SMACK64MMAP
[    1.139480] evm: security.ima
[    1.141542] evm: security.capability
[    1.144598] clocksource: jiffies: mask: 0xffffffff max_cycles: 0xffffffff, max_idle_ns: 7645041785100000 ns
[    1.147116] futex hash table entries: 512 (order: 3, 32768 bytes)
[    1.148443] pinctrl core: initialized pinctrl subsystem
[    1.149684] RTC time: 18:26:16, date: 08/02/20
[    1.150824] NET: Registered protocol family 16
[    1.151984] EISA bus registered
[    1.163538] cpuidle: using governor ladder
[    1.175245] cpuidle: using governor menu
[    1.176189] PCCT header not found.
[    1.177356] ACPI: bus type PCI registered
[    1.178283] acpiphp: ACPI Hot Plug PCI Controller Driver version: 0.5
[    1.179798] PCI : PCI BIOS area is rw and x. Use pci=nobios if you want it NX.
[    1.181561] PCI: PCI BIOS revision 2.10 entry at 0xfda26, last bus=0
[    1.182898] PCI: Using configuration type 1 for base access
[    1.194828] ACPI: Added _OSI(Module Device)
[    1.195791] ACPI: Added _OSI(Processor Device)
[    1.196769] ACPI: Added _OSI(3.0 _SCP Extensions)
[    1.198107] ACPI: Added _OSI(Processor Aggregator Device)
[    1.199907] ACPI: Executed 1 blocks of module-level executable AML code
[    1.203813] ACPI: Interpreter enabled
[    1.204691] ACPI: (supports S0 S5)
[    1.205559] ACPI: Using IOAPIC for interrupt routing
[    1.206882] PCI: Using host bridge windows from ACPI; if necessary, use "pci=nocrs" and report a bug
[    1.248338] ACPI: PCI Root Bridge [PCI0] (domain 0000 [bus 00-ff])
[    1.251621] acpi PNP0A03:00: _OSC: OS supports [ASPM ClockPM Segments MSI]
[    1.253722] acpi PNP0A03:00: _OSC: not requesting OS control; OS requires [ExtendedConfig ASPM ClockPM MSI]
[    1.255940] acpi PNP0A03:00: fail to add MMCONFIG information, can't access extended PCI configuration space under this bridge.
[    1.258553] PCI host bridge to bus 0000:00
[    1.259527] pci_bus 0000:00: root bus resource [io  0x0000-0x0cf7 window]
[    1.260900] pci_bus 0000:00: root bus resource [io  0x0d00-0xffff window]
[    1.262496] pci_bus 0000:00: root bus resource [mem 0x000a0000-0x000bffff window]
[    1.264594] pci_bus 0000:00: root bus resource [mem 0x40000000-0xfdffffff window]
[    1.266989] pci_bus 0000:00: root bus resource [bus 00-ff]
[    1.271711] pci 0000:00:01.1: legacy IDE quirk: reg 0x10: [io  0x01f0-0x01f7]
[    1.275387] pci 0000:00:01.1: legacy IDE quirk: reg 0x14: [io  0x03f6]
[    1.278696] pci 0000:00:01.1: legacy IDE quirk: reg 0x18: [io  0x0170-0x0177]
[    1.282236] pci 0000:00:01.1: legacy IDE quirk: reg 0x1c: [io  0x0376]
[    1.310488] pci 0000:00:07.0: quirk: [io  0x4000-0x403f] claimed by PIIX4 ACPI
[    1.314781] pci 0000:00:07.0: quirk: [io  0x4100-0x410f] claimed by PIIX4 SMB
[    1.327710] ACPI: PCI Interrupt Link [LNKA] (IRQs 5 9 10 *11)
[    1.332554] ACPI: PCI Interrupt Link [LNKB] (IRQs 5 9 *10 11)
[    1.336999] ACPI: PCI Interrupt Link [LNKC] (IRQs 5 *9 10 11)
[    1.341395] ACPI: PCI Interrupt Link [LNKD] (IRQs 5 9 10 *11)
[    1.345972] ACPI: Enabled 2 GPEs in block 00 to 07
[    1.349544] vgaarb: setting as boot device: PCI:0000:00:02.0
[    1.352696] vgaarb: device added: PCI:0000:00:02.0,decodes=io+mem,owns=io+mem,locks=none
[    1.357459] vgaarb: loaded
[    1.359299] vgaarb: bridge control possible 0000:00:02.0
[    1.362740] SCSI subsystem initialized
[    1.365418] ACPI: bus type USB registered
[    1.367938] usbcore: registered new interface driver usbfs
[    1.370892] usbcore: registered new interface driver hub
[    1.373949] usbcore: registered new device driver usb
[    1.377755] PCI: Using ACPI for IRQ routing
[    1.381313] NetLabel: Initializing
[    1.383526] NetLabel:  domain hash size = 128
[    1.386171] NetLabel:  protocols = UNLABELED CIPSOv4
[    1.388870] NetLabel:  unlabeled traffic allowed by default
[    1.392360] amd_nb: Cannot enumerate AMD northbridges
[    1.395472] clocksource: Switched to clocksource kvm-clock
[    1.418666] AppArmor: AppArmor Filesystem Enabled
[    1.421508] pnp: PnP ACPI init
[    1.425447] pnp: PnP ACPI: found 3 devices
[    1.427855] PnPBIOS: Disabled by ACPI PNP
[    1.490388] clocksource: acpi_pm: mask: 0xffffff max_cycles: 0xffffff, max_idle_ns: 2085701024 ns
[    1.495465] NET: Registered protocol family 2
[    1.498323] TCP established hash table entries: 8192 (order: 3, 32768 bytes)
[    1.501971] TCP bind hash table entries: 8192 (order: 4, 65536 bytes)
[    1.505374] TCP: Hash tables configured (established 8192 bind 8192)
[    1.508843] UDP hash table entries: 512 (order: 2, 16384 bytes)
[    1.512139] UDP-Lite hash table entries: 512 (order: 2, 16384 bytes)
[    1.515498] NET: Registered protocol family 1
[    1.518070] pci 0000:00:00.0: Limiting direct PCI/PCI transfers
[    1.521233] pci 0000:00:01.0: Activating ISA DMA hang workarounds
[    1.531319] Unpacking initramfs...
[    2.006545] Freeing initrd memory: 14476K
[    2.009318] clocksource: tsc: mask: 0xffffffffffffffff max_cycles: 0x19f22aa45f0, max_idle_ns: 440795269146 ns
[    2.014863] platform rtc_cmos: registered platform RTC device (no PNP device found)
[    2.019724] Scanning for low memory corruption every 60 seconds
[    2.023880] audit: initializing netlink subsys (disabled)
[    2.026978] audit: type=2000 audit(1596392782.501:1): initialized
[    2.030742] Initialise system trusted keyring
[    2.033462] HugeTLB registered 2 MB page size, pre-allocated 0 pages
[    2.039118] zbud: loaded
[    2.040568] VFS: Disk quotas dquot_6.6.0
[    2.041878] VFS: Dquot-cache hash table entries: 1024 (order 0, 4096 bytes)
[    2.045017] squashfs: version 4.0 (2009/01/31) Phillip Lougher
[    2.048434] fuse init (API version 7.23)
[    2.050959] Key type big_key registered
[    2.053415] Allocating IMA MOK and blacklist keyrings.
[    2.063363] Key type asymmetric registered
[    2.065865] Asymmetric key parser 'x509' registered
[    2.068740] bounce: pool size: 64 pages
[    2.071220] Block layer SCSI generic (bsg) driver version 0.4 loaded (major 249)
[    2.076020] io scheduler noop registered
[    2.078386] io scheduler deadline registered (default)
[    2.081429] io scheduler cfq registered
[    2.084065] pci_hotplug: PCI Hot Plug PCI Core version: 0.5
[    2.087107] pciehp: PCI Express Hot Plug Controller Driver version: 0.4
[    2.091124] ACPI: AC Adapter [AC] (off-line)
[    2.093773] input: Power Button as /devices/LNXSYSTM:00/LNXPWRBN:00/input/input0
[    2.098175] ACPI: Power Button [PWRF]
[    2.100720] input: Sleep Button as /devices/LNXSYSTM:00/LNXSLPBN:00/input/input1
[    2.105097] ACPI: Sleep Button [SLPF]
[    2.107907] GHES: HEST is not enabled!
[    2.109668] ACPI: Battery Slot [BAT0] (battery present)
[    2.113829] isapnp: Scanning for PnP cards...
[    2.113863] Serial: 8250/16550 driver, 32 ports, IRQ sharing enabled
[    2.137002] 00:02: ttyS0 at I/O 0x3f8 (irq = 4, base_baud = 115200) is a 16550A
[    2.141400] Linux agpgart interface v0.103
[    2.158505] loop: module loaded
[    2.160635] scsi host0: ata_piix
[    2.161674] scsi host1: ata_piix
[    2.163027] ata1: PATA max UDMA/33 cmd 0x1f0 ctl 0x3f6 bmdma 0xd000 irq 14
[    2.165493] ata2: PATA max UDMA/33 cmd 0x170 ctl 0x376 bmdma 0xd008 irq 15
[    2.168472] libphy: Fixed MDIO Bus: probed
[    2.170030] tun: Universal TUN/TAP device driver, 1.6
[    2.172099] tun: (C) 1999-2004 Max Krasnyansky <maxk@qualcomm.com>
[    2.175140] PPP generic driver version 2.4.2
[    2.176539] ehci_hcd: USB 2.0 'Enhanced' Host Controller (EHCI) Driver
[    2.178683] ehci-pci: EHCI PCI platform driver
[    2.180009] ehci-platform: EHCI generic platform driver
[    2.181508] ohci_hcd: USB 1.1 'Open' Host Controller (OHCI) Driver
[    2.182948] ohci-pci: OHCI PCI platform driver
[    2.184383] ohci-platform: OHCI generic platform driver
[    2.185983] uhci_hcd: USB Universal Host Controller Interface driver
[    2.187721] i8042: PNP: PS/2 Controller [PNP0303:PS2K,PNP0f03:PS2M] at 0x60,0x64 irq 1,12
[    2.190951] serio: i8042 KBD port at 0x60,0x64 irq 1
[    2.192601] serio: i8042 AUX port at 0x60,0x64 irq 12
[    2.194034] mousedev: PS/2 mouse device common for all mice
[    2.195909] input: AT Translated Set 2 keyboard as /devices/platform/i8042/serio0/input/input2
[    2.198562] rtc_cmos rtc_cmos: rtc core: registered rtc_cmos as rtc0
[    2.200367] rtc_cmos rtc_cmos: alarms up to one day, 114 bytes nvram
[    2.201990] i2c /dev entries driver
[    2.202968] device-mapper: uevent: version 1.0.3
[    2.204527] device-mapper: ioctl: 4.34.0-ioctl (2015-10-28) initialised: dm-devel@redhat.com
[    2.207018] platform eisa.0: Probing EISA bus 0
[    2.208474] platform eisa.0: EISA: Cannot allocate resource for mainboard
[    2.210261] platform eisa.0: Cannot allocate resource for EISA slot 1
[    2.211725] platform eisa.0: Cannot allocate resource for EISA slot 2
[    2.213642] platform eisa.0: Cannot allocate resource for EISA slot 3
[    2.215277] platform eisa.0: Cannot allocate resource for EISA slot 4
[    2.217059] platform eisa.0: Cannot allocate resource for EISA slot 5
[    2.218904] platform eisa.0: Cannot allocate resource for EISA slot 6
[    2.220843] platform eisa.0: Cannot allocate resource for EISA slot 7
[    2.222282] platform eisa.0: Cannot allocate resource for EISA slot 8
[    2.224086] platform eisa.0: EISA: Detected 0 cards
[    2.226521] cpufreq-nforce2: No nForce2 chipset.
[    2.229331] ledtrig-cpu: registered to indicate activity on CPUs
[    2.232911] NET: Registered protocol family 10
[    2.235439] NET: Registered protocol family 17
[    2.237336] Key type dns_resolver registered
[    2.239649] Using IPI No-Shortcut mode
[    2.241826] registered taskstats version 1
[    2.244303] Loading compiled-in X.509 certificates
[    2.248447] Loaded X.509 cert 'Build time autogenerated kernel key: be81aa7ad6ffc56923860824b9940369d50b34e9'
[    2.251505] zswap: loaded using pool lzo/zbud
[    2.255084] Key type trusted registered
[    2.259096] Key type encrypted registered
[    2.260460] AppArmor: AppArmor sha1 policy hashing enabled
[    2.262114] ima: No TPM chip found, activating TPM-bypass!
[    2.263431] ima: Allocated hash algorithm: sha1
[    2.265052] evm: HMAC attrs: 0x1
[    2.266356]   Magic number: 0:446:442
[    2.267792] rtc_cmos rtc_cmos: setting system clock to 2020-08-02 18:26:17 UTC (1596392777)
[    2.270060] BIOS EDD facility v0.16 2004-Jun-25, 0 devices found
[    2.271606] EDD information not available.
[    2.543298] isapnp: No Plug & Play device found
[    2.546647] Freeing unused kernel memory: 936K
[    2.560828] Write protecting the kernel text: 8140k
[    2.564138] Write protecting the kernel read-only data: 3212k
[    2.567228] NX-protecting the kernel data: 6196k
Loading, please wait...
starting version 229
[    2.601717] random: systemd-udevd: uninitialized urandom read (16 bytes read, 0 bits of entropy available)
[    2.602813] random: udevadm: uninitialized urandom read (16 bytes read, 0 bits of entropy available)
[    2.612609] random: systemd-udevd: uninitialized urandom read (16 bytes read, 0 bits of entropy available)
[    2.618018] random: systemd-udevd: uninitialized urandom read (16 bytes read, 0 bits of entropy available)
[    2.629787] random: systemd-udevd: uninitialized urandom read (16 bytes read, 0 bits of entropy available)
[    2.629875] random: udevadm: uninitialized urandom read (16 bytes read, 0 bits of entropy available)
[    2.630040] random: udevadm: uninitialized urandom read (16 bytes read, 0 bits of entropy available)
[    2.630393] random: udevadm: uninitialized urandom read (16 bytes read, 0 bits of entropy available)
[    2.630583] random: udevadm: uninitialized urandom read (16 bytes read, 0 bits of entropy available)
[    2.630707] random: udevadm: uninitialized urandom read (16 bytes read, 0 bits of entropy available)
[    2.757185] e1000: Intel(R) PRO/1000 Network Driver - version 7.3.21-k8-NAPI
[    2.760891] e1000: Copyright (c) 1999-2006 Intel Corporation.
[    2.771109] Fusion MPT base driver 3.04.20
[    2.773658] Copyright (c) 1999-2008 LSI Corporation
[    2.814028] Fusion MPT SPI Host driver 3.04.20
[    3.077477] input: ImExPS/2 Generic Explorer Mouse as /devices/platform/i8042/serio1/input/input4
[    3.248410] e1000 0000:00:03.0 eth0: (PCI:33MHz:32-bit) 02:54:08:c4:9d:58
[    3.251954] e1000 0000:00:03.0 eth0: Intel(R) PRO/1000 Network Connection
[    3.257232] mptbase: ioc0: Initiating bringup
[    3.257932] e1000 0000:00:03.0 enp0s3: renamed from eth0
[    3.849189] ioc0: LSI53C1030 A0: Capabilities={Initiator}
[    5.388771] scsi host2: ioc0: LSI53C1030 A0, FwRev=00000000h, Ports=1, MaxQ=256, IRQ=20
[    6.846899] scsi 2:0:0:0: Direct-Access     VBOX     HARDDISK         1.0  PQ: 0 ANSI: 5
[    6.854481] scsi target2:0:0: Beginning Domain Validation
[    6.865052] scsi target2:0:0: Domain Validation skipping write tests
[    6.867456] scsi target2:0:0: Ending Domain Validation
[    6.870687] scsi target2:0:0: asynchronous
[    6.874991] scsi 2:0:1:0: Direct-Access     VBOX     HARDDISK         1.0  PQ: 0 ANSI: 5
[    6.879908] scsi target2:0:1: Beginning Domain Validation
[    6.887785] scsi target2:0:1: Domain Validation skipping write tests
[    6.891173] scsi target2:0:1: Ending Domain Validation
[    6.894349] scsi target2:0:1: asynchronous
[    6.918934] sd 2:0:0:0: Attached scsi generic sg0 type 0
[    6.922373] sd 2:0:0:0: [sda] 20971520 512-byte logical blocks: (10.7 GB/10.0 GiB)
[    6.927753] sd 2:0:1:0: Attached scsi generic sg1 type 0
[    6.930693] sd 2:0:1:0: [sdb] 20480 512-byte logical blocks: (10.5 MB/10.0 MiB)
[    6.931944] sd 2:0:0:0: [sda] Write Protect is off
[    6.932398] sd 2:0:0:0: [sda] Incomplete mode parameter data
[    6.932402] sd 2:0:0:0: [sda] Assuming drive cache: write through
[    6.941817]  sda: sda1
[    6.944268] sd 2:0:0:0: [sda] Attached SCSI disk
[    6.950044] sd 2:0:1:0: [sdb] Write Protect is off
[    6.953700] sd 2:0:1:0: [sdb] Incomplete mode parameter data
[    6.956770] sd 2:0:1:0: [sdb] Assuming drive cache: write through
[    6.970247] sd 2:0:1:0: [sdb] Attached SCSI disk
Begin: Loading essential drivers ... [    8.922989] md: linear personality registered for level -1
[    8.934046] md: multipath personality registered for level -4
[    8.945178] md: raid0 personality registered for level 0
[    8.963274] md: raid1 personality registered for level 1
[    9.047717] raid6: mmxx1    gen()  2664 MB/s
[    9.116021] raid6: mmxx2    gen()  2789 MB/s
[    9.183578] raid6: sse1x1   gen()  2355 MB/s
[    9.251701] raid6: sse1x2   gen()  2763 MB/s
[    9.319938] raid6: sse2x1   gen()  8810 MB/s
[    9.388351] raid6: sse2x1   xor()  5735 MB/s
[    9.455669] raid6: sse2x2   gen()  5780 MB/s
[    9.523982] raid6: sse2x2   xor()  3940 MB/s
[    9.592299] raid6: avx2x1   gen()  9480 MB/s
[    9.659647] raid6: avx2x2   gen() 10764 MB/s
[    9.663188] raid6: using algorithm avx2x2 gen() 10764 MB/s
[    9.666236] raid6: using avx2x1 recovery algorithm
[    9.675849] xor: automatically using best checksumming function:
[    9.716222]    avx       : 11585.000 MB/sec
[    9.725018] async_tx: api initialized (async)
[    9.773281] md: raid6 personality registered for level 6
[    9.776844] md: raid5 personality registered for level 5
[    9.781377] md: raid4 personality registered for level 4
[    9.806835] md: raid10 personality registered for level 10
done.
Begin: Running /scripts/init-premount ... done.
Begin: Mounting root file system ... Begin: Running /scripts/local-top ... done.
Begin: Running /scripts/local-premount ... [    9.907782] Btrfs loaded
Scanning for Btrfs filesystems
done.
Warning: fsck not present, so skipping root file system
[    9.985001] EXT4-fs (sda1): mounted filesystem with ordered data mode. Opts: (null)
done.
Begin: Running /scripts/local-bottom ... done.
Begin: Running /scripts/init-bottom ... done.
[   10.214403] systemd[1]: systemd 229 running in system mode. (+PAM +AUDIT +SELINUX +IMA +APPARMOR +SMACK +SYSVINIT +UTMP +LIBCRYPTSETUP +GCRYPT +GNUTLS +ACL +XZ -LZ4 +SECCOMP +BLKID +ELFUTILS +KMOD -IDN)
[   10.224124] systemd[1]: Detected virtualization oracle.
[   10.227484] systemd[1]: Detected architecture x86.

Welcome to [1mUbuntu 16.04.6 LTS[0m!

[   10.235903] systemd[1]: Set hostname to <ubuntu-xenial>.
[   10.515620] systemd[1]: Reached target System Time Synchronized.
[[0;32m  OK  [0m] Reached target System Time Synchronized.
[   10.524848] systemd[1]: Listening on udev Control Socket.
[[0;32m  OK  [0m] Listening on udev Control Socket.
[   10.529605] systemd[1]: Listening on LVM2 metadata daemon socket.
[[0;32m  OK  [0m] Listening on LVM2 metadata daemon socket.
[   10.534697] systemd[1]: Listening on LVM2 poll daemon socket.
[[0;32m  OK  [0m] Listening on LVM2 poll daemon socket.
[   10.539487] systemd[1]: Started Forward Password Requests to Wall Directory Watch.
[[0;32m  OK  [0m] Started Forward Password Requests to Wall Directory Watch.
[   10.546422] systemd[1]: Listening on Journal Socket (/dev/log).
[[0;32m  OK  [0m] Listening on Journal Socket (/dev/log).
[   10.552132] systemd[1]: Started Trigger resolvconf update for networkd DNS.
[[0;32m  OK  [0m] Started Trigger resolvconf update for networkd DNS.
[   10.564355] systemd[1]: Listening on Syslog Socket.
[[0;32m  OK  [0m] Listening on Syslog Socket.
[   10.569683] systemd[1]: Created slice System Slice.
[[0;32m  OK  [0m] Created slice System Slice.
[   10.581045] systemd[1]: Created slice system-serial\x2dgetty.slice.
[[0;32m  OK  [0m] Created slice system-serial\x2dgetty.slice.
[   10.586333] systemd[1]: Listening on /dev/initctl Compatibility Named Pipe.
[[0;32m  OK  [0m] Listening on /dev/initctl Compatibility Named Pipe.
[   10.592766] systemd[1]: Listening on Journal Audit Socket.
[[0;32m  OK  [0m] Listening on Journal Audit Socket.
[   10.604449] systemd[1]: Created slice User and Session Slice.
[[0;32m  OK  [0m] Created slice User and Session Slice.
[   10.610510] systemd[1]: Reached target Slices.
[[0;32m  OK  [0m] Reached target Slices.
[   10.614457] systemd[1]: Reached target Swap.
[[0;32m  OK  [0m] Reached target Swap.
[   10.618543] systemd[1]: Listening on Device-mapper event daemon FIFOs.
[[0;32m  OK  [0m] Listening on Device-mapper event daemon FIFOs.
[   10.624131] systemd[1]: Reached target Encrypted Volumes.
[[0;32m  OK  [0m] Reached target Encrypted Volumes.
[   10.629084] systemd[1]: Listening on Journal Socket.
[[0;32m  OK  [0m] Listening on Journal Socket.
[   10.652577] systemd[1]: Starting Journal Service...
         Starting Journal Service...
[   10.659127] systemd[1]: Starting Set console keymap...
         Starting Set console keymap...
[   10.673932] systemd[1]: Starting Monitoring of LVM2 mirrors, snapshots etc. using dmeventd or progress polling...
         Starting Monitoring of LVM2 mirrors... dmeventd or progress polling...
[   10.690851] systemd[1]: Starting Create list of required static device nodes for the current kernel...
         Starting Create list of required st... nodes for the current kernel...
[   10.709460] systemd[1]: Starting Uncomplicated firewall...
         Starting Uncomplicated firewall...
[   10.718821] systemd[1]: Mounting Huge Pages File System...
         Mounting Huge Pages File System...
[   10.734993] systemd[1]: Mounting Debug File System...
         Mounting Debug File System...
[   10.750941] systemd[1]: Mounting POSIX Message Queue File System...
         Mounting POSIX Message Queue File System...
[   10.768290] systemd[1]: Reached target User and Group Name Lookups.
[[0;32m  OK  [0m] Reached target User and Group Name Lookups.
[   10.778688] systemd[1]: Set up automount Arbitrary Executable File Formats File System Automount Point.
[[0;32m  OK  [0m] Set up automount Arbitrary Executab...ats File System Automount Point.
[   10.793296] systemd[1]: Listening on udev Kernel Socket.
[[0;32m  OK  [0m] Listening on udev Kernel Socket.
[   10.817235] systemd[1]: Starting Nameserver information manager...
         Starting Nameserver information manager...
[   10.833382] systemd[1]: Starting Remount Root and Kernel File Systems...
         Starting Remount Root and Kernel File Systems...
[   10.846445] EXT4-fs (sda1): re-mounted. Opts: (null)
[   10.850430] systemd[1]: Starting Load Kernel Modules...
         Starting Load Kernel Modules...
[   10.856933] systemd[1]: Mounted Debug File System.
[[0;32m  OK  [0m] Mounted Debug File System.
[   10.860056] systemd[1]: Mounted POSIX Message Queue File System.
[[0;32m  OK  [0m] Mounted POSIX Message Queue File System.
[   10.865192] systemd[1]: Mounted Huge Pages File System.
[[0;32m  OK  [0m] Mounted Huge Pages File System.
[   10.868716] systemd[1]: Started Journal Service.
[[0;32m  OK  [0m] Started Journal Service.
[   10.879739] Loading iSCSI transport class v2.0-870.
[[0;32m  OK  [0m] Started Set console keymap.
[   10.884017] random: nonblocking pool is initialized
[[0;32m  OK  [0m] Started Create list of required sta...ce nodes for the current kernel.
[[0;32m  OK  [0m] Started Uncomplicated firewall.
[[0;32m  OK  [0m] Started Remount Root and Kernel File Systems.
[[0;32m  OK  [0m] Started LVM2 metadata daemon.
         Starting udev Coldplug all Devices...
[   10.935385] iscsi: registered transport (tcp)
         Starting Load/Save Random Seed...
         Starting Create Static Device Nodes in /dev...
         Starting Flush Journal to Persistent Storage...
[[0;32m  OK  [0m] Started Nameserver information manager.
[[0;32m  OK  [0m] Started Load/Save Random Seed.
[   10.980598] systemd-journald[361]: Received request to flush runtime journal from PID 1
[[0;32m  OK  [0m] Started Create Static Device Nodes in /dev.
         Starting udev Kernel Device Manager...
[[0;32m  OK  [0m] Started Flush Journal to Persistent Storage.
[[0;32m  OK  [0m] Started udev Coldplug all Devices.
[[0;32m  OK  [0m] Started udev Kernel Device Manager.
[[0;32m  OK  [0m] Started Dispatch Password Requests to Console Directory Watch.
[   11.091713] iscsi: registered transport (iser)
[[0;32m  OK  [0m] Started Load Kernel Modules.
         Starting Apply Kernel Variables...
         Mounting FUSE Control File System...
[[0;32m  OK  [0m] Mounted FUSE Control File System.
[[0;32m  OK  [0m] Started Apply Kernel Variables.
[[0;32m  OK  [0m] Found device /dev/ttyS0.
[[0;32m  OK  [0m] Started Monitoring of LVM2 mirrors,...ng dmeventd or progress polling.
[[0;32m  OK  [0m] Reached target Local File Systems (Pre).
[[0;32m  OK  [0m] Reached target Local File Systems.
         Starting Create Volatile Files and Directories...
         Starting Tell Plymouth To Write Out Runtime Data...
         Starting Initial cloud-init job (pre-networking)...
         Starting LSB: AppArmor initialization...
         Starting Set console font and keymap...
[[0;32m  OK  [0m] Started Tell Plymouth To Write Out Runtime Data.
[[0;32m  OK  [0m] Listening on Load/Save RF Kill Switch Status /dev/rfkill Watch.
[[0;32m  OK  [0m] Started Create Volatile Files and Directories.
         Starting Update UTMP about System Boot/Shutdown...
[[0;32m  OK  [0m] Started Update UTMP about System Boot/Shutdown.
[[0;32m  OK  [0m] Started LSB: AppArmor initialization.
[[0;32m  OK  [0m] Found device 82540EM Gigabit Ethern...r (PRO/1000 MT Desktop Adapter).
[   12.815116] cloud-init[505]: Cloud-init v. 19.4-33-gbb4131a2-0ubuntu1~16.04.1 running 'init-local' at Sun, 02 Aug 2020 18:26:28 +0000. Up 11.96 seconds.
[[0;32m  OK  [0m] Started Set console font and keymap.
[[0;32m  OK  [0m] Started Initial cloud-init job (pre-networking).
[[0;32m  OK  [0m] Reached target Network (Pre).
         Starting Raise network interfaces...
[[0;32m  OK  [0m] Started ifup for enp0s3.
[[0;32m  OK  [0m] Created slice system-getty.slice.
[[0;32m  OK  [0m] Started Raise network interfaces.
         Starting Initial cloud-init job (metadata service crawler)...
[[0;32m  OK  [0m] Reached target Network.
[   14.983729] cloud-init[966]: Cloud-init v. 19.4-33-gbb4131a2-0ubuntu1~16.04.1 running 'init' at Sun, 02 Aug 2020 18:26:30 +0000. Up 14.20 seconds.
[   14.987540] cloud-init[966]: ci-info: +++++++++++++++++++++++++++++++++++++Net device info++++++++++++++++++++++++++++++++++++++
[   14.991864] cloud-init[966]: ci-info: +--------+------+---------------------------+---------------+--------+-------------------+
[   14.996491] cloud-init[966]: ci-info: | Device |  Up  |          Address          |      Mask     | Scope  |     Hw-Address    |
[   14.998256] cloud-init[966]: ci-info: +--------+------+---------------------------+---------------+--------+-------------------+
[   14.999884] cloud-init[966]: ci-info: | enp0s3 | True |         10.0.2.15         | 255.255.255.0 | global | 02:54:08:c4:9d:58 |
[   15.001954] cloud-init[966]: ci-info: | enp0s3 | True | fe80::54:8ff:fec4:9d58/64 |       .       |  link  | 02:54:08:c4:9d:58 |
[   15.008655] cloud-init[966]: ci-info: |   lo   | True |         127.0.0.1         |   255.0.0.0   |  host  |         .         |
[   15.010389] cloud-init[966]: ci-info: |   lo   | True |          ::1/128          |       .       |  host  |         .         |
[   15.016585] cloud-init[966]: ci-info: +--------+------+---------------------------+---------------+--------+-------------------+
[   15.018114] cloud-init[966]: ci-info: +++++++++++++++++++++++++++Route IPv4 info++++++++++++++++++++++++++++
[   15.020257] cloud-init[966]: ci-info: +-------+-------------+----------+---------------+-----------+-------+
[   15.021886] cloud-init[966]: ci-info: | Route | Destination | Gateway  |    Genmask    | Interface | Flags |
[   15.024044] cloud-init[966]: ci-info: +-------+-------------+----------+---------------+-----------+-------+
[   15.032486] cloud-init[966]: ci-info: |   0   |   0.0.0.0   | 10.0.2.2 |    0.0.0.0    |   enp0s3  |   UG  |
[   15.034925] cloud-init[966]: ci-info: |   1   |   10.0.2.0  | 0.0.0.0  | 255.255.255.0 |   enp0s3  |   U   |
[   15.037197] cloud-init[966]: ci-info: +-------+-------------+----------+---------------+-----------+-------+
[   15.038731] cloud-init[966]: ci-info: +++++++++++++++++++Route IPv6 info+++++++++++++++++++
[   15.040466] cloud-init[966]: ci-info: +-------+-------------+---------+-----------+-------+
[   15.041969] cloud-init[966]: ci-info: | Route | Destination | Gateway | Interface | Flags |
[   15.048692] cloud-init[966]: ci-info: +-------+-------------+---------+-----------+-------+
[   15.050185] cloud-init[966]: ci-info: |   0   |  fe80::/64  |    ::   |   enp0s3  |   U   |
[   15.052272] cloud-init[966]: ci-info: |   3   |   ff00::/8  |    ::   |   enp0s3  |   U   |
[   15.053934] cloud-init[966]: ci-info: +-------+-------------+---------+-----------+-------+
[[0;32m  OK  [0m] Started Initial cloud-init job (metadata service crawler).
[[0;32m  OK  [0m] Reached target Cloud-config availability.
[[0;32m  OK  [0m] Reached target System Initialization.
[[0;32m  OK  [0m] Started Daily apt download activities.
[[0;32m  OK  [0m] Started Daily apt upgrade and clean activities.
         Starting Socket activation for snappy daemon.
[[0;32m  OK  [0m] Listening on D-Bus System Message Bus Socket.
[[0;32m  OK  [0m] Started ACPI Events Check.
[[0;32m  OK  [0m] Reached target Paths.
         Starting LXD - unix socket.
[[0;32m  OK  [0m] Started Message of the Day.
[[0;32m  OK  [0m] Started Daily Cleanup of Temporary Directories.
[[0;32m  OK  [0m] Reached target Timers.
[[0;32m  OK  [0m] Listening on ACPID Listen Socket.
[[0;32m  OK  [0m] Listening on UUID daemon activation socket.
[[0;32m  OK  [0m] Reached target Network is Online.
         Starting iSCSI initiator daemon (iscsid)...
[[0;32m  OK  [0m] Listening on Socket activation for snappy daemon.
[[0;32m  OK  [0m] Listening on LXD - unix socket.
[[0;32m  OK  [0m] Reached target Sockets.
[[0;32m  OK  [0m] Reached target Basic System.
[[0;32m  OK  [0m] Started ACPI event daemon.
         Starting LSB: Record successful boot for GRUB...
         Starting LXD - container startup/shutdown...
[[0;32m  OK  [0m] Started Regular background program processing daemon.
         Starting Login Service...
         Starting OpenBSD Secure Shell server...
[[0;32m  OK  [0m] Started An object/document-oriented database.
         Starting /etc/rc.local Compatibility...
[[0;32m  OK  [0m] Started Deferred execution scheduler.
         Starting LSB: MD monitoring daemon...
         Starting System Logging Service...
         Starting Virtualbox guest utils...
         Starting Accounts Service...
         Starting Message of the Day...
[[0;32m  OK  [0m] Started FUSE filesystem for LXC.
         Starting Advanced key-value store...
[[0;32m  OK  [0m] Started D-Bus System Message Bus.
         Starting Snappy daemon...
[[0;32m  OK  [0m] Started System Logging Service.
[[0;32m  OK  [0m] Started /etc/rc.local Compatibility.
[[0;32m  OK  [0m] Started iSCSI initiator daemon (iscsid).
         Starting Login to default iSCSI targets...
[[0;32m  OK  [0m] Started Login Service.
[[0;32m  OK  [0m] Started Unattended Upgrades Shutdown.
[[0;32m  OK  [0m] Started LSB: MD monitoring daemon.
[[0;32m  OK  [0m] Started OpenBSD Secure Shell server.
[[0;32m  OK  [0m] Started LSB: Record successful boot for GRUB.
[[0;32m  OK  [0m] Started LXD - container startup/shutdown.
         Starting Authenticate and Authorize Users to Run Privileged Tasks...
[[0;32m  OK  [0m] Started Login to default iSCSI targets.
[[0;32m  OK  [0m] Reached target Remote File Systems (Pre).
[[0;32m  OK  [0m] Reached target Remote File Systems.
         Starting LSB: daemon to balance interrupts for SMP systems...
         Starting LSB: Set the CPU Frequency Scaling governor to "ondemand"...
         Starting LSB: automatic crash report generation...
         Starting Permit User Sessions...
[[0;32m  OK  [0m] Started Permit User Sessions.
         Starting Terminate Plymouth Boot Screen...
         Starting Hold until boot process finishes up...
[[0;32m  OK  [0m] Started Terminate Plymouth Boot Screen.
[[0;32m  OK  [0m] Started Hold until boot process finishes up.
         Starting Set console scheme...
[[0;32m  OK  [0m] Started Serial Getty on ttyS0.
[[0;32m  OK  [0m] Started Getty on tty1.
[[0;32m  OK  [0m] Reached target Login Prompts.
[[0;32m  OK  [0m] Started Set console scheme.
[[0;32m  OK  [0m] Started Authenticate and Authorize Users to Run Privileged Tasks.
[[0;32m  OK  [0m] Started Accounts Service.
[[0;32m  OK  [0m] Started LSB: Set the CPU Frequency Scaling governor to "ondemand".
[[0;32m  OK  [0m] Started LSB: daemon to balance interrupts for SMP systems.
[[0;32m  OK  [0m] Started LSB: automatic crash report generation.
[[0;32m  OK  [0m] Started Advanced key-value store.
[[0;32m  OK  [0m] Started Virtualbox guest utils.
[[0;32m  OK  [0m] Started Snappy daemon.
         Starting Wait until snapd is fully seeded...
[[0;32m  OK  [0m] Started Wait until snapd is fully seeded.
         Starting Apply the settings specified in cloud-config...
[[0;32m  OK  [0m] Reached target Multi-User System.
[[0;32m  OK  [0m] Reached target Graphical Interface.
         Starting Update UTMP about System Runlevel Changes...
[[0;32m  OK  [0m] Started Update UTMP about System Runlevel Changes.
[   17.063760] cloud-init[1279]: Cloud-init v. 19.4-33-gbb4131a2-0ubuntu1~16.04.1 running 'modules:config' at Sun, 02 Aug 2020 18:26:32 +0000. Up 16.78 seconds.
[[0;32m  OK  [0m] Started Apply the settings specified in cloud-config.
         Starting Execute cloud user/final scripts...
[[0;32m  OK  [0m] Started Message of the Day.
[   18.543045] cloud-init[1304]: Cloud-init v. 19.4-33-gbb4131a2-0ubuntu1~16.04.1 running 'modules:final' at Sun, 02 Aug 2020 18:26:34 +0000. Up 18.18 seconds.
[   18.553455] cloud-init[1304]: Cloud-init v. 19.4-33-gbb4131a2-0ubuntu1~16.04.1 finished at Sun, 02 Aug 2020 18:26:34 +0000. Datasource DataSourceNoCloud [seed=/dev/sdb][dsmode=net].  Up 18.52 seconds
[[0;32m  OK  [0m] Started Execute cloud user/final scripts.
[[0;32m  OK  [0m] Reached target Cloud-init target.

Ubuntu 16.04.6 LTS ubuntu-xenial ttyS0

ubuntu-xenial login: 